Determining if the pthread_create exist failed with the following output:
Change Dir: /home/nano/workspace/reproduction/haze_removal_using_dark_channel_prior/build/CMakeFiles/CMakeTmp

Run Build Command:"/usr/bin/make" "cmTC_9e433/fast"
/usr/bin/make -f CMakeFiles/cmTC_9e433.dir/build.make CMakeFiles/cmTC_9e433.dir/build
make[1]: Entering directory '/media/nano/DATA/workspace/Ubuntu/workspace/reproduction/haze_removal_using_dark_channel_prior/build/CMakeFiles/CMakeTmp'
Building C object CMakeFiles/cmTC_9e433.dir/CheckSymbolExists.c.o
/usr/bin/cc    -fPIC    -o CMakeFiles/cmTC_9e433.dir/CheckSymbolExists.c.o   -c /home/nano/workspace/reproduction/haze_removal_using_dark_channel_prior/build/CMakeFiles/CMakeTmp/CheckSymbolExists.c
Linking C executable cmTC_9e433
/usr/bin/cmake -E cmake_link_script CMakeFiles/cmTC_9e433.dir/link.txt --verbose=1
/usr/bin/cc  -fPIC     CMakeFiles/cmTC_9e433.dir/CheckSymbolExists.c.o  -o cmTC_9e433 -rdynamic 
CMakeFiles/cmTC_9e433.dir/CheckSymbolExists.c.o：在函数‘main’中：
CheckSymbolExists.c:(.text+0x1b)：对‘pthread_create’未定义的引用
collect2: error: ld returned 1 exit status
CMakeFiles/cmTC_9e433.dir/build.make:97: recipe for target 'cmTC_9e433' failed
make[1]: *** [cmTC_9e433] Error 1
make[1]: Leaving directory '/media/nano/DATA/workspace/Ubuntu/workspace/reproduction/haze_removal_using_dark_channel_prior/build/CMakeFiles/CMakeTmp'
Makefile:126: recipe for target 'cmTC_9e433/fast' failed
make: *** [cmTC_9e433/fast] Error 2

File /home/nano/workspace/reproduction/haze_removal_using_dark_channel_prior/build/CMakeFiles/CMakeTmp/CheckSymbolExists.c:
/* */
#include <pthread.h>

int main(int argc, char** argv)
{
  (void)argv;
#ifndef pthread_create
  return ((int*)(&pthread_create))[argc];
#else
  (void)argc;
  return 0;
#endif
}

Determining if the function pthread_create exists in the pthreads failed with the following output:
Change Dir: /home/nano/workspace/reproduction/haze_removal_using_dark_channel_prior/build/CMakeFiles/CMakeTmp

Run Build Command:"/usr/bin/make" "cmTC_7fe7f/fast"
/usr/bin/make -f CMakeFiles/cmTC_7fe7f.dir/build.make CMakeFiles/cmTC_7fe7f.dir/build
make[1]: Entering directory '/media/nano/DATA/workspace/Ubuntu/workspace/reproduction/haze_removal_using_dark_channel_prior/build/CMakeFiles/CMakeTmp'
Building C object CMakeFiles/cmTC_7fe7f.dir/CheckFunctionExists.c.o
/usr/bin/cc    -fPIC -DCHECK_FUNCTION_EXISTS=pthread_create   -o CMakeFiles/cmTC_7fe7f.dir/CheckFunctionExists.c.o   -c /usr/share/cmake-3.5/Modules/CheckFunctionExists.c
Linking C executable cmTC_7fe7f
/usr/bin/cmake -E cmake_link_script CMakeFiles/cmTC_7fe7f.dir/link.txt --verbose=1
/usr/bin/cc  -fPIC -DCHECK_FUNCTION_EXISTS=pthread_create    CMakeFiles/cmTC_7fe7f.dir/CheckFunctionExists.c.o  -o cmTC_7fe7f -rdynamic -lpthreads 
/usr/bin/ld: 找不到 -lpthreads
collect2: error: ld returned 1 exit status
CMakeFiles/cmTC_7fe7f.dir/build.make:97: recipe for target 'cmTC_7fe7f' failed
make[1]: *** [cmTC_7fe7f] Error 1
make[1]: Leaving directory '/media/nano/DATA/workspace/Ubuntu/workspace/reproduction/haze_removal_using_dark_channel_prior/build/CMakeFiles/CMakeTmp'
Makefile:126: recipe for target 'cmTC_7fe7f/fast' failed
make: *** [cmTC_7fe7f/fast] Error 2


